<?xml version="1.0" encoding="UTF-8"?>
<!-- Generated by org.testng.reporters.JUnitReportReporter -->
<testsuite hostname="EQ-EQ6295567" failures="0" tests="1" name="TestRunner.CucumberTestRunner" time="9.608" errors="0" timestamp="2024-02-01T10:45:24 CET" skipped="0">
  <testcase classname="TestRunner.CucumberTestRunner" name="runScenario" time="9.608"/>
</testsuite> <!-- TestRunner.CucumberTestRunner -->
