<?xml version="1.0" encoding="UTF-8"?>
<!-- Generated by org.testng.reporters.JUnitReportReporter -->
<testsuite hostname="EQ-EQ6295567" failures="0" tests="3" name="TestRunner.CucumberTestRunnerforTags" time="0.146" errors="0" timestamp="2024-01-31T16:11:37 CET" skipped="0">
  <testcase classname="TestRunner.CucumberTestRunnerforTags" name="runScenario" time="0.133"/>
  <testcase classname="TestRunner.CucumberTestRunnerforTags" name="runScenario" time="0.006"/>
  <testcase classname="TestRunner.CucumberTestRunnerforTags" name="runScenario" time="0.007"/>
</testsuite> <!-- TestRunner.CucumberTestRunnerforTags -->
